2025-11-28 23:56:56.382 `label` got an empty value. This is discouraged for accessibility reasons and may be disallowed in the future by raising an exception. Please provide a non-empty label and hide it with label_visibility if needed.
Stack (most recent call last):
  File "C:\Python312\Lib\threading.py", line 1030, in _bootstrap
    self._bootstrap_inner()
  File "C:\Python312\Lib\threading.py", line 1073, in _bootstrap_inner
    self.run()
  File "C:\Python312\Lib\threading.py", line 1010, in run
    self._target(*self._args, **self._kwargs)
  File "C:\Users\mauri\Documents\Proyectos Soft\PI\MedDiag\venv\Lib\site-packages\streamlit\runtime\scriptrunner\script_runner.py", line 378, in _run_script_thread
    self._run_script(request.rerun_data)
  File "C:\Users\mauri\Documents\Proyectos Soft\PI\MedDiag\venv\Lib\site-packages\streamlit\runtime\scriptrunner\script_runner.py", line 685, in _run_script
    ) = exec_func_with_error_handling(code_to_exec, ctx)
  File "C:\Users\mauri\Documents\Proyectos Soft\PI\MedDiag\venv\Lib\site-packages\streamlit\runtime\scriptrunner\exec_code.py", line 128, in exec_func_with_error_handling
    result = func()
  File "C:\Users\mauri\Documents\Proyectos Soft\PI\MedDiag\venv\Lib\site-packages\streamlit\runtime\scriptrunner\script_runner.py", line 669, in code_to_exec
    exec(code, module.__dict__)  # noqa: S102
  File "C:\Users\mauri\Documents\Proyectos Soft\PI\MedDiag\frontend\app_streamlit.py", line 33, in <module>
    language = st.toggle("", value=True)
  File "C:\Users\mauri\Documents\Proyectos Soft\PI\MedDiag\venv\Lib\site-packages\streamlit\runtime\metrics_util.py", line 443, in wrapped_func
    result = non_optional_func(*args, **kwargs)
  File "C:\Users\mauri\Documents\Proyectos Soft\PI\MedDiag\venv\Lib\site-packages\streamlit\elements\widgets\checkbox.py", line 301, in toggle
    return self._checkbox(
  File "C:\Users\mauri\Documents\Proyectos Soft\PI\MedDiag\venv\Lib\site-packages\streamlit\elements\widgets\checkbox.py", line 340, in _checkbox
    maybe_raise_label_warnings(label, label_visibility)
  File "C:\Users\mauri\Documents\Proyectos Soft\PI\MedDiag\venv\Lib\site-packages\streamlit\elements\lib\policies.py", line 184, in maybe_raise_label_warnings
    _LOGGER.warning(
