INFO:     Will watch for changes in these directories: ['C:\\Users\\mauri\\Documents\\Proyectos Soft\\PI\\MedDiag']
INFO:     Uvicorn running on http://127.0.0.1:8000 (Press CTRL+C to quit)
INFO:     Started reloader process [24264] using StatReload
C:\Users\mauri\Documents\Proyectos Soft\PI\MedDiag\venv\Lib\site-packages\sklearn\base.py:442: InconsistentVersionWarning: Trying to unpickle estimator SVC from version 1.0.2 when using version 1.7.2. This might lead to breaking code or invalid results. Use at your own risk. For more info please refer to:
https://scikit-learn.org/stable/model_persistence.html#security-maintainability-limitations
  warnings.warn(
C:\Users\mauri\Documents\Proyectos Soft\PI\MedDiag\venv\Lib\site-packages\sklearn\base.py:442: InconsistentVersionWarning: Trying to unpickle estimator LogisticRegression from version 1.0.2 when using version 1.7.2. This might lead to breaking code or invalid results. Use at your own risk. For more info please refer to:
https://scikit-learn.org/stable/model_persistence.html#security-maintainability-limitations
  warnings.warn(
INFO:     Started server process [19692]
INFO:     Waiting for application startup.
INFO:     Application startup complete.
WARNING:  StatReload detected changes in 'frontend\app_streamlit.py'. Reloading...
INFO:     Shutting down
INFO:     Waiting for application shutdown.
INFO:     Application shutdown complete.
INFO:     Finished server process [19692]
C:\Users\mauri\Documents\Proyectos Soft\PI\MedDiag\venv\Lib\site-packages\sklearn\base.py:442: InconsistentVersionWarning: Trying to unpickle estimator SVC from version 1.0.2 when using version 1.7.2. This might lead to breaking code or invalid results. Use at your own risk. For more info please refer to:
https://scikit-learn.org/stable/model_persistence.html#security-maintainability-limitations
  warnings.warn(
C:\Users\mauri\Documents\Proyectos Soft\PI\MedDiag\venv\Lib\site-packages\sklearn\base.py:442: InconsistentVersionWarning: Trying to unpickle estimator LogisticRegression from version 1.0.2 when using version 1.7.2. This might lead to breaking code or invalid results. Use at your own risk. For more info please refer to:
https://scikit-learn.org/stable/model_persistence.html#security-maintainability-limitations
  warnings.warn(
INFO:     Started server process [22484]
INFO:     Waiting for application startup.
INFO:     Application startup complete.
